Jan 11 12:12:39 [root] - Enviados todos los avisos de inicio para el curso: Alemán avanzado
Jan 11 12:12:39 [root] - Enviados todos los avisos de inicio para el curso: Alemán avanzado II
Jan 11 12:12:39 [root] - Enviados todos los avisos de inicio para el curso: Alemán avanzado III
Jan 12 08:08:18 [root] - Vacíado el directorio de documentación (22 archivos eliminados)
Jan 12 08:09:31 [root] - Vacíado el directorio de documentación (0 archivos eliminados)
Jan 12 08:12:10 [root] - Vacíado el directorio de documentación (18 archivos eliminados)
Jan 12 08:22:43 [root] - Vacíado el directorio de documentación (0 archivos eliminados)
Jan 12 09:13:26 [root] - Enviados todos los avisos de inicio para el curso: Alemán avanzado
Jan 12 09:13:26 [root] - Enviados todos los avisos de inicio para el curso: Alemán avanzado II
Jan 12 09:13:27 [root] - Enviados todos los avisos de inicio para el curso: Alemán avanzado III
Jan 12 09:13:27 [root] - Enviados todos los avisos de fin para el curso: Alemán avanzado III
Jan 12 09:14:47 [root] - Enviados todos los avisos de inicio para el curso: Alemán avanzado
Jan 12 09:14:47 [root] - Enviados todos los avisos de inicio para el curso: Alemán avanzado II
Jan 12 09:14:47 [root] - Enviados todos los avisos de inicio para el curso: Alemán avanzado III
Jan 12 09:14:47 [root] - Enviados todos los avisos de fin para el curso: Alemán avanzado III
Jan 12 09:31:47 [root] - Enviados todos los avisos de inicio para el curso: Alemán avanzado
Jan 12 09:31:47 [root] - Enviados todos los avisos de inicio para el curso: Alemán avanzado II
Jan 12 09:31:47 [root] - Enviados todos los avisos de inicio para el curso: Alemán avanzado III
Jan 12 09:31:47 [root] - Enviados todos los avisos de fin para el curso: Alemán avanzado III
Jan 12 10:15:37 [root] - Enviados todos los avisos de inicio para el curso: Alemán avanzado
Jan 12 10:15:37 [root] - Enviados todos los avisos de inicio para el curso: Alemán avanzado II
Jan 12 10:15:37 [root] - Enviados todos los avisos de inicio para el curso: Alemán avanzado III
Jan 12 10:15:37 [root] - Enviados todos los avisos de fin para el curso: Alemán avanzado III
Jan 12 10:41:02 [root] - Vacíado el directorio de documentación (18 archivos eliminados)
Jan 12 10:41:03 [root] - Enviados todos los avisos de inicio para el curso: Alemán avanzado
Jan 12 10:41:03 [root] - Enviados todos los avisos de inicio para el curso: Alemán avanzado II
Jan 12 10:41:03 [root] - Enviados todos los avisos de inicio para el curso: Alemán avanzado III
Jan 12 10:41:03 [root] - Enviados todos los avisos de fin para el curso: Alemán avanzado III
Jan 13 00:10:02 [root] - Enviados todos los avisos de inicio para el curso: Alemán avanzado
Jan 13 00:10:02 [root] - Enviados todos los avisos de inicio para el curso: Alemán avanzado II
Jan 13 00:10:03 [root] - Enviados todos los avisos de fin para el curso: Alemán avanzado III
Jan 13 00:11:01 [root] - Vacíado el directorio de documentación (18 archivos eliminados)
